<?xml version="1.0" encoding="utf-8"?><testsuites name="pytest tests"><testsuite name="pytest" errors="0" failures="0" skipped="0" tests="10" time="116.723" timestamp="2026-02-15T18:20:20.734514+00:00" hostname="agent-env-3a331cd1-fc19-4c71-9e1e-12b2dd8c5e91"><testcase classname="backend.tests.test_ents_api.TestENTsAPI" name="test_ents_endpoint_returns_200" time="52.000" /><testcase classname="backend.tests.test_ents_api.TestENTsAPI" name="test_ents_returns_43_ents" time="0.533" /><testcase classname="backend.tests.test_ents_api.TestENTsAPI" name="test_ent78_present" time="0.439" /><testcase classname="backend.tests.test_ents_api.TestENTsAPI" name="test_direct_connection_requires_url" time="0.566" /><testcase classname="backend.tests.test_ents_api.TestENTsAPI" name="test_all_non_direct_ents_dont_require_url" time="0.573" /><testcase classname="backend.tests.test_ents_api.TestENTsAPI" name="test_ent_structure" time="0.426" /><testcase classname="backend.tests.test_ents_api.TestAuthAPI" name="test_login_missing_url_for_direct" time="0.744" /><testcase classname="backend.tests.test_ents_api.TestAuthAPI" name="test_login_with_ent_no_url_required" time="60.211" /><testcase classname="backend.tests.test_ents_api.TestAuthAPI" name="test_ecoledirecte_login_structure" time="0.555" /><testcase classname="backend.tests.test_ents_api.TestRootAPI" name="test_root_endpoint" time="0.519" /></testsuite></testsuites>